Client addr(127.0.0.1) => GET /barweselny/panthera/example-app/_ajax.php?display=dash&cat=admin&_=1433055860174
[0.0177509, 0.5810260ms real] [2.1 MB] [pantheraCore] Using "blowfish" algorithm
[0.0182390, 0.4880428ms] [2.13 MB] [pantheraCore] Requested Memcache class
[0.0183539, 0.0970363ms real] [2.13 MB] [pantheraCore] varCache initialized, using memcached
[0.0186150, 0.2610683ms] [2.15 MB] [pantheraCore] Disabling cache due to exception: Cache directory "/srv/http/barweselny/panthera/example-app/content/tmp/cache" is not writable!
[0.0197498, 1.1348724ms] [2.22 MB] [routing] Trying varCache:routing.cache
[0.0205860, 0.8361339ms] [2.26 MB] [routing] Found routes cache
[0.0217659, 1.1799335ms] [2.27 MB] [pantheraCore] Requested Rain\RainTPL4 class
[0.0227320, 0.9520053ms real] [2.35 MB] [pantheraCore] Requested Rain\Tpl\RainTPLConfiguration class
[0.0229508, 0.1959800ms real] [2.36 MB] [pantheraCore] Requested Rain\Tpl\RainTPLEventsHandler class
[0.0233190, 0.3550052ms real] [2.39 MB] [pantheraCore] Requested Rain\Tpl\Exception class
[0.0240378, 0.5149841ms real] [2.46 MB] [pantheraCore] Imported "libtemplate" from /lib/modules
[0.0242748, 0.1587867ms real] [2.46 MB] [pantheraDB] query( SELECT `key`, `value`, `type`, `section` FROM `vvBfGeconfig_overlay` WHERE `section` = "webroot"; , null )
[0.0243749, 0.1001358ms] [2.47 MB] [pantheraCore] Overlay "webroot" loaded, total 2 keys
[0.0261199, 1.6829967ms real] [2.68 MB] [pantheraCore] Imported "filesystem" from /lib/modules
[0.0274088, 1.2888908ms] [2.72 MB] [pantheraTemplate] Found 158 files and/or directories in "/srv/http/barweselny/panthera/lib/templates/admin/webroot"
[0.0292439, 1.8351078ms] [2.88 MB] [pantheraTemplate] No such directory: "/srv/http/barweselny/panthera/example-app/content/templates/admin/webroot"
[0.0292530, 0.0090599ms] [2.88 MB] [pantheraTemplate] No such directory: "/srv/http/barweselny/panthera/lib/templates/admin_mobile/webroot"
[0.0292599, 0.0069141ms] [2.88 MB] [pantheraTemplate] No such directory: "/srv/http/barweselny/panthera/example-app/content/templates/admin_mobile/webroot"
[0.0292658, 0.0059604ms] [2.88 MB] [pantheraTemplate] No such directory: "/srv/http/barweselny/panthera/lib/templates/next/webroot"
[0.0316820, 2.4161338ms] [2.96 MB] [pantheraTemplate] Found 353 files and/or directories in "/srv/http/barweselny/panthera/example-app/content/templates/next/webroot"
[0.0419650, 10.282993ms] [3.44 MB] [pantheraTemplate] Found 525 files and/or directories in "/srv/http/barweselny/panthera/lib/templates/_libs_webroot"
[0.0494019, 7.4369907ms] [4 MB] [pantheraTemplate] No such directory: "/srv/http/barweselny/panthera/example-app/templates/_libs_webroot"
[0.0494239, 0.0219345ms] [4 MB] [pantheraTemplate] WebrootMerge done
[0.0502378, 0.8139610ms] [2.69 MB] [PHP] Undefined index: HTTPS in /srv/http/barweselny/panthera/lib/boot.php on line 247
[0.0502660, 0.0281333ms] [2.69 MB] [PHP] Undefined index: HTTPS in /srv/http/barweselny/panthera/lib/boot.php on line 254
[0.0502958, 0.0298023ms] [2.69 MB] [pantheraCore] Requested userTools class
[0.0505330, 0.2210140ms real] [2.71 MB] [pantheraCore] Imported "user" from /lib/modules
[0.0505759, 0.0429153ms] [2.72 MB] [database] Created pantheraFetchDB "pantheraUser" object
[0.0505878, 0.0119209ms] [2.72 MB] [pantheraUser] Cache disabled for this pantheraUser object
[0.0508019, 0.1540184ms real] [2.72 MB] [pantheraDB] query( SELECT users.*, groups.name as group_name FROM `vvBfGeusers` as users LEFT JOIN vvBfGegroups AS groups ON  groups.group_id = users.primary_group  WHERE users.`id` = :id LIMIT 0,1; , {"id":"1"} )
[0.0508589, 0.0569820ms] [2.73 MB] [pantheraUser] pantheraUser::Found a record by ""id"" (value="1")
[0.0510230, 0.0960826ms real] [2.73 MB] [pantheraDB] query( SELECT * FROM `vvBfGemetas` WHERE `userid` = :objectID AND `type` = :type; , {"objectID":"1","type":"u"} )
[0.0510389, 0.0159740ms] [2.73 MB] [metaAttributes] No any meta tags found for objectid=1, type=u
[0.0511469, 0.0751018ms real] [2.74 MB] [pantheraDB] query( SELECT * FROM `vvBfGemetas` WHERE `type` = :type AND `userid` = :objectID; , {"type":"g","objectID":"2"} )
[0.0511980, 0.0510215ms] [2.74 MB] [metaAttributes] Loaded meta overlay, counting overall 2 elements
[0.0512218, 0.0238418ms] [2.74 MB] [PHP] Undefined index: groups in /srv/http/barweselny/panthera/lib/user.class.php on line 59
[0.0513260, 0.0810623ms real] [2.74 MB] [pantheraDB] query( SELECT * FROM `vvBfGemetas` WHERE `type` = :type AND `userid` = :objectID; , {"type":"g","objectID":""} )
[0.0514140, 0.0879764ms] [2.74 MB] [pantheraLocale] setLocale(polski)
[0.0514378, 0.0238418ms] [2.74 MB] [pantheraLocale] Adding domain "messages" from /srv/http/barweselny/panthera/lib/locales/polski
[0.0529379, 1.5001296ms] [2.88 MB] [pantheraCore] Requested panthera class
[0.0529649, 0.0150203ms real] [2.88 MB] [pantheraCore] Created alias "pantheraCore" for "panthera"
[0.0530300, 0.0650882ms] [2.88 MB] [_ajaxControllerSystem] Looking for modules in /modules/frontside/_ajaxcontroller/ directory
[0.0532159, 0.1859664ms] [2.88 MB] [_ajaxControllerSystem] Loaded "0" items from cache "front.modules._ajax"
[0.0533339, 0.1180171ms] [2.89 MB] [PHP] Trying to get property of non-object in /srv/http/barweselny/panthera/lib/templates.class.php on line 105
[0.0533509, 0.0169277ms] [2.89 MB] [PHP] Trying to get property of non-object in /srv/http/barweselny/panthera/lib/templates.class.php on line 113
[0.0534379, 0.0870227ms] [2.89 MB] [_ajaxControllerSystem] Looking for modules in /modules/frontside/_ajaxcontroller/ directory
[0.0535290, 0.0910758ms] [2.89 MB] [_ajaxControllerSystem] Loaded "0" items from cache "front.modules._ajax"
[0.0540699, 0.5409717ms] [2.99 MB] [pantheraCore] Requested ____non_existent_controller___ class
[0.0541009, 0.0219345ms real] [2.99 MB] [pantheraCore] Requested dashController class
[0.0541369, 0.0309944ms real] [2.99 MB] [pantheraLocale] Autoloading domain "dash" on-demand
[0.0541570, 0.0200271ms] [2.99 MB] [pantheraLocale] Adding domain "dash" from /srv/http/barweselny/panthera/lib/locales/polski
[0.0541980, 0.0410079ms] [3 MB] [pantheraLocale] localize -> "Everything is here", result="Wszystko jest tutaj" domain=dash (global: messages)
[0.0542089, 0.0109672ms] [3 MB] [pantheraCore] Requested uiTitlebar class
[0.0544009, 0.1790523ms real] [3.02 MB] [pantheraCore] Imported "admin/ui.titlebar" from /lib/modules
[0.0544300, 0.0290870ms] [3.03 MB] [dashAjaxController] Looking for modules in /modules/frontside/dashAjaxcontroller/ directory
[0.0545408, 0.1108646ms] [3.03 MB] [dashAjaxController] Loaded "0" items from cache "front.modules.dashAjax"
[0.0545918, 0.0510215ms] [3.03 MB] [dashAjaxController] Looking for this->controller_runFeature(args, additionalInfo)
[0.0547330, 0.1060962ms real] [3.03 MB] [pantheraDB] query( SELECT `key`, `value`, `type`, `section` FROM `vvBfGeconfig_overlay` WHERE `section` = "dash"; , null )
[0.0548009, 0.0679492ms] [3.04 MB] [pantheraCore] Overlay "dash" loaded, total 6 keys
[0.0548219, 0.0209808ms] [3.04 MB] [dashAjaxController] No any action selected
[0.0548439, 0.0169277ms real] [3.04 MB] [PHP] Missing argument 1 for dashAjaxControllerSystem::getDefaultIcons(), called in /srv/http/barweselny/panthera/example-app/content/ajaxpages/admin/dash.Controller.php on line 8 and defined in /srv/http/barweselny/panthera/lib/ajaxpages/admin/dash.Controller.php on line 295
[0.0548608, 0.0169277ms] [3.04 MB] [pantheraLocale] localize -> "Uploads", result="Upload plików" domain=dash (global: messages)
[0.0548839, 0.0231266ms] [3.04 MB] [dashAjaxController] Looking for this->ajaxpages_dash_menu_beforeFeature(&args, additonalInfo)
[0.0549008, 0.0169277ms] [3.05 MB] [PHP] Undefined index: hidden in /srv/http/barweselny/panthera/lib/ajaxpages/admin/dash.Controller.php on line 92
[0.0549130, 0.0121593ms] [3.05 MB] [PHP] Undefined index: hidden in /srv/http/barweselny/panthera/lib/ajaxpages/admin/dash.Controller.php on line 92
[0.0549268, 0.0138282ms] [3.05 MB] [PHP] Undefined index: hidden in /srv/http/barweselny/panthera/lib/ajaxpages/admin/dash.Controller.php on line 92
[0.0549368, 0.0100135ms] [3.05 MB] [PHP] Undefined index: hidden in /srv/http/barweselny/panthera/lib/ajaxpages/admin/dash.Controller.php on line 92
[0.0549588, 0.0219345ms] [3.05 MB] [PHP] Undefined index: menu in /srv/http/barweselny/panthera/lib/ajaxpages/admin/dash.Controller.php on line 103
[0.0549759, 0.0171661ms] [3.05 MB] [pantheraLocale] localize -> "Front page", result="Strona główna" domain=dash (global: messages)
[0.0549948, 0.0188350ms] [3.06 MB] [dashAjaxController] Looking for this->ajaxpages_dash_menuFeature(args, additionalInfo)
[0.0550408, 0.0460147ms] [3.06 MB] [PHP] Undefined offset: 1 in /srv/http/barweselny/panthera/lib/pageController.class.php on line 370
[0.0550539, 0.0131130ms] [3.06 MB] [pantheraLocale] localize -> "Can access admin panel", result="Can access admin panel" domain=messages (global: messages)
[0.0550818, 0.0278949ms] [3.06 MB] [pantheraLocale] localize -> "Can manage dash widgets", result="Can manage dash widgets" domain=dash (global: messages)
[0.0553178, 0.1418590ms real] [3.06 MB] [dash] Getting list of widgets from varCache
[0.0553488, 0.0309944ms] [3.06 MB] [dashAjaxController] Looking for this->ajaxpages_admin_avaliable_widgetsFeature(&args, additonalInfo)
[0.0555129, 0.1640319ms] [3.08 MB] [PHP] Undefined variable: panthera in /srv/http/barweselny/panthera/lib/ajaxpages/admin/dash.Controller.php on line 258
[0.0555520, 0.0391006ms] [3.08 MB] [database] Created pantheraFetchDB "pantheraUser" object
[0.0555949, 0.0429153ms] [3.08 MB] [database] Created pantheraFetchDB "pantheraUser" object
[0.0557758, 0.1089572ms real] [3.09 MB] [pantheraDB] query( SELECT users.*, groups.name as group_name FROM `vvBfGeusers` as users LEFT JOIN vvBfGegroups AS groups ON  groups.group_id = users.primary_group  ORDER BY `lastlogin` DESC   LIMIT 0,10; , "" )
[0.0558209, 0.0450611ms] [3.09 MB] [database] Created pantheraFetchDB "pantheraUser" object
[0.0558300, 0.0090599ms] [3.09 MB] [pantheraUser] Cache disabled for this pantheraUser object
[0.0558478, 0.0178813ms] [3.1 MB] [pantheraUser] pantheraUser::Creating object from array {"id":"1","login":"admin","passwd":"$2y$10$O8m.Nfzl48TbQFcYTaZY2OkFdPOTpbRgSflJ725ggwoTchqyGuz.S","full_name":"admin","primary_group":"2","joined":"2015-05-28 18:38:59","attributes":"a:1:{s:13:\"loginFailures\";i:0;}","language":"polski","mail":"admin@barweselny.pl","jabber":"","profile_picture":"{$PANTHERA_URL}\/images\/default_avatar.png","lastlogin":"2015-05-30","lastip":"127.0.0.1","group_name":"root"}
[0.0559778, 0.0858306ms real] [3.1 MB] [pantheraDB] query( SELECT * FROM `vvBfGemetas` WHERE `userid` = :objectID AND `type` = :type; , {"objectID":"1","type":"u"} )
[0.0559909, 0.0131130ms] [3.1 MB] [metaAttributes] No any meta tags found for objectid=1, type=u
[0.0560829, 0.0660419ms real] [3.1 MB] [pantheraDB] query( SELECT * FROM `vvBfGemetas` WHERE `type` = :type AND `userid` = :objectID; , {"type":"g","objectID":"2"} )
[0.0561258, 0.0429153ms] [3.11 MB] [metaAttributes] Loaded meta overlay, counting overall 2 elements
[0.0561468, 0.0209808ms] [3.11 MB] [PHP] Undefined index: groups in /srv/http/barweselny/panthera/lib/user.class.php on line 59
[0.0562360, 0.0691413ms real] [3.11 MB] [pantheraDB] query( SELECT * FROM `vvBfGemetas` WHERE `type` = :type AND `userid` = :objectID; , {"type":"g","objectID":""} )
[0.0563569, 0.1208782ms] [3.11 MB] [pantheraLocale] localize -> "days", result="dni" domain=messages (global: messages)
[0.0563688, 0.0119209ms] [3.11 MB] [pantheraLocale] localize -> "hours", result="godzin" domain=messages (global: messages)
[0.0564529, 0.0841617ms] [3.11 MB] [pantheraTemplate] Looking for template file config for admin/templates/uititlebar.tpl
[0.0565099, 0.0569820ms] [3.11 MB] [dashAjaxController] Looking for this->controller_permissionsFeature(args, additionalInfo)
[0.0567450, 0.2350807ms] [3.12 MB] [pantheraTemplate] Displaying /srv/http/barweselny/panthera/lib//templates/admin/templates/dashWidgets/lastLogged.tpl
[0.0567579, 0.0128746ms] [3.11 MB] [outputControl] Flushing buffers and stopping output buffering
[0.0571370, 0.3790855ms] [3.51 MB] [pantheraCore] Requested Rain\Tpl\Parser class
[0.0604479, 3.3049583ms real] [3.9 MB] [pantheraLocale] localize -> "Recently logged in users", result="Ostatnio zalogowani użytkownicy" domain=dash (global: messages)
[0.0604698, 0.0219345ms] [3.9 MB] [pantheraLocale] localize -> "ago", result="temu" domain=dash (global: messages)
[0.0605089, 0.0391006ms] [3.87 MB] [dashAjaxController] Looking for this->ajaxpages_admin_dashwidgetsFeature(&args, additonalInfo)
[0.0605499, 0.0410079ms] [3.87 MB] [pantheraTemplate] Looking for template file config for admin/templates/uititlebar.tpl
[0.0606038, 0.0538825ms] [3.88 MB] [dashAjaxController] Looking for this->controller_permissionsFeature(args, additionalInfo)
[0.0607879, 0.1840591ms] [3.88 MB] [pantheraTemplate] Displaying /srv/http/barweselny/panthera/lib//templates/admin/templates/dash.tpl
[0.0608088, 0.0209808ms] [3.88 MB] [outputControl] Flushing buffers and stopping output buffering
[0.0625789, 1.7700195ms] [4.3 MB] [pantheraCore] Requested Rain\Tpl\SyntaxException class
[0.0661609, 3.5760402ms real] [4.26 MB] [pantheraLocale] localize -> "Unlock widgets", result="Odblokuj widżety" domain=dash (global: messages)
[0.0661890, 0.0281333ms] [4.26 MB] [pantheraLocale] localize -> "Lock widgets", result="Zablokuj widżety" domain=dash (global: messages)
[0.0707609, 4.5719146ms] [4.28 MB] [pantheraLocale] localize -> "Add new widget", result="Dodaj nowy widżet" domain=dash (global: messages)
[0.0707879, 0.0269412ms] [4.29 MB] [pantheraLocale] localize -> "Unlock widgets", result="Odblokuj widżety" domain=dash (global: messages)
[0.0708220, 0.0340938ms] [4.27 MB] [PHP] Undefined index: linkType in /srv/http/barweselny/panthera/example-app/content/tmp/templates_c/dash.c98f72f862400b85b15f5e327e1d884b.rtpl.php on line 82
[0.0708408, 0.0188350ms] [4.27 MB] [PHP] Undefined index: linkType in /srv/http/barweselny/panthera/example-app/content/tmp/templates_c/dash.c98f72f862400b85b15f5e327e1d884b.rtpl.php on line 82
[0.0710158, 0.1749992ms] [4.22 MB] [pantheraCore] Called pa_exit, goodbye.
[0.0711250, 0.1091957ms] [4.22 MB] [pantheraLogging] Generating output
[0.0718858, 0.7629394ms] [4.24 MB]  [pantheraLogging] Done
